-------------------------------------------------------------------------------
Test set: com.user.management.controllers.AuthControllerTest
-------------------------------------------------------------------------------
Tests run: 1, Failures: 0, Errors: 1, Skipped: 0, Time elapsed: 0 s <<< FAILURE! - in com.user.management.controllers.AuthControllerTest
initializationError(com.user.management.controllers.AuthControllerTest)  Time elapsed: 0 s  <<< ERROR!
java.lang.Exception: No runnable methods

