<?xml version="1.0" encoding="UTF-8"?>
<testsuite xmlns:xsi="http://www.w3.org/2001/XMLSchema-instance" xsi:noNamespaceSchemaLocation="https://maven.apache.org/surefire/maven-surefire-plugin/xsd/surefire-test-report.xsd" name="com.digitalbooks.UserServiceApplicationTests" time="0.247" tests="1" errors="1" skipped="0" failures="0">
  <properties>
[...]
</properties>
  <testcase name="initializationError" classname="com.digitalbooks.UserServiceApplicationTests" time="0.006">
    <error message="org/springframework/test/context/TestContextAnnotationUtils" type="java.lang.NoClassDefFoundError">java.lang.NoClassDefFoundError: org/springframework/test/context/TestContextAnnotationUtils
Caused by: java.lang.ClassNotFoundException: org.springframework.test.context.TestContextAnnotationUtils
</error>
    <system-out><![CDATA[20:21:43.585 [main] DEBUG org.springframework.test.context.junit4.SpringJUnit4ClassRunner - SpringJUnit4ClassRunner constructor called with [class com.digitalbooks.UserServiceApplicationTests]
20:21:43.591 [main] DEBUG org.springframework.test.context.BootstrapUtils - Instantiating CacheAwareContextLoaderDelegate from class [org.springframework.test.context.cache.DefaultCacheAwareContextLoaderDelegate]
20:21:43.599 [main] DEBUG org.springframework.test.context.BootstrapUtils - Instantiating BootstrapContext using constructor [public org.springframework.test.context.support.DefaultBootstrapContext(java.lang.Class,org.springframework.test.context.CacheAwareContextLoaderDelegate)]
20:21:43.618 [main] DEBUG org.springframework.test.context.BootstrapUtils - Instantiating TestContextBootstrapper for test class [com.digitalbooks.UserServiceApplicationTests] from class [org.springframework.boot.test.context.SpringBootTestContextBootstrapper]
]]></system-out>
  </testcase>
</testsuite>